Compiling the C compiler identification source file "CMakeCCompilerId.c" failed.
Compiler: /home/dcamarma/.espressif/tools/riscv32-esp-elf/esp-2021r2-patch3-8.4.0/riscv32-esp-elf/bin/riscv32-esp-elf-gcc 
Build flags: -march=rv32imc_zicsr_zifencei;
Id flags:  

The output was:
1
cc1: error: -march=rv32imc_zicsr_zifencei: unsupported ISA substring '_zicsr_zifencei'


Compiling the C compiler identification source file "CMakeCCompilerId.c" failed.
Compiler: /home/dcamarma/.espressif/tools/riscv32-esp-elf/esp-2021r2-patch3-8.4.0/riscv32-esp-elf/bin/riscv32-esp-elf-gcc 
Build flags: -march=rv32imc_zicsr_zifencei;
Id flags: -c 

The output was:
1
cc1: error: -march=rv32imc_zicsr_zifencei: unsupported ISA substring '_zicsr_zifencei'


Compiling the C compiler identification source file "CMakeCCompilerId.c" failed.
Compiler: /home/dcamarma/.espressif/tools/riscv32-esp-elf/esp-2021r2-patch3-8.4.0/riscv32-esp-elf/bin/riscv32-esp-elf-gcc 
Build flags: -march=rv32imc_zicsr_zifencei;
Id flags: -Aa 

The output was:
1
cc1: error: -march=rv32imc_zicsr_zifencei: unsupported ISA substring '_zicsr_zifencei'


Compiling the C compiler identification source file "CMakeCCompilerId.c" failed.
Compiler: /home/dcamarma/.espressif/tools/riscv32-esp-elf/esp-2021r2-patch3-8.4.0/riscv32-esp-elf/bin/riscv32-esp-elf-gcc 
Build flags: -march=rv32imc_zicsr_zifencei;
Id flags: -D__CLASSIC_C__ 

The output was:
1
cc1: error: -march=rv32imc_zicsr_zifencei: unsupported ISA substring '_zicsr_zifencei'


Compiling the C compiler identification source file "CMakeCCompilerId.c" failed.
Compiler: /home/dcamarma/.espressif/tools/riscv32-esp-elf/esp-2021r2-patch3-8.4.0/riscv32-esp-elf/bin/riscv32-esp-elf-gcc 
Build flags: -march=rv32imc_zicsr_zifencei;
Id flags: --target=arm-arm-none-eabi;-mcpu=cortex-m3 

The output was:
1
riscv32-esp-elf-gcc: error: unrecognized command line option '--target=arm-arm-none-eabi'
riscv32-esp-elf-gcc: error: unrecognized command line option '-mcpu=cortex-m3'


Compiling the CXX compiler identification source file "CMakeCXXCompilerId.cpp" failed.
Compiler: /home/dcamarma/.espressif/tools/riscv32-esp-elf/esp-2021r2-patch3-8.4.0/riscv32-esp-elf/bin/riscv32-esp-elf-g++ 
Build flags: -march=rv32imc_zicsr_zifencei;
Id flags:  

The output was:
1
cc1plus: error: -march=rv32imc_zicsr_zifencei: unsupported ISA substring '_zicsr_zifencei'


Compiling the CXX compiler identification source file "CMakeCXXCompilerId.cpp" failed.
Compiler: /home/dcamarma/.espressif/tools/riscv32-esp-elf/esp-2021r2-patch3-8.4.0/riscv32-esp-elf/bin/riscv32-esp-elf-g++ 
Build flags: -march=rv32imc_zicsr_zifencei;
Id flags: -c 

The output was:
1
cc1plus: error: -march=rv32imc_zicsr_zifencei: unsupported ISA substring '_zicsr_zifencei'


Compiling the CXX compiler identification source file "CMakeCXXCompilerId.cpp" failed.
Compiler: /home/dcamarma/.espressif/tools/riscv32-esp-elf/esp-2021r2-patch3-8.4.0/riscv32-esp-elf/bin/riscv32-esp-elf-g++ 
Build flags: -march=rv32imc_zicsr_zifencei;
Id flags: --c++ 

The output was:
1
riscv32-esp-elf-g++: error: unrecognized command line option '--c++'


Compiling the CXX compiler identification source file "CMakeCXXCompilerId.cpp" failed.
Compiler: /home/dcamarma/.espressif/tools/riscv32-esp-elf/esp-2021r2-patch3-8.4.0/riscv32-esp-elf/bin/riscv32-esp-elf-g++ 
Build flags: -march=rv32imc_zicsr_zifencei;
Id flags: --ec++ 

The output was:
1
riscv32-esp-elf-g++: error: unrecognized command line option '--ec++'; did you mean '-Weffc++'?


Compiling the CXX compiler identification source file "CMakeCXXCompilerId.cpp" failed.
Compiler: /home/dcamarma/.espressif/tools/riscv32-esp-elf/esp-2021r2-patch3-8.4.0/riscv32-esp-elf/bin/riscv32-esp-elf-g++ 
Build flags: -march=rv32imc_zicsr_zifencei;
Id flags: --target=arm-arm-none-eabi;-mcpu=cortex-m3 

The output was:
1
riscv32-esp-elf-g++: error: unrecognized command line option '--target=arm-arm-none-eabi'
riscv32-esp-elf-g++: error: unrecognized command line option '-mcpu=cortex-m3'


Detecting C compiler ABI info failed to compile with the following output:
Change Dir: /var/www/html/creator/gateway/esp32-rv/build/CMakeFiles/CMakeTmp

Run Build Command(s):/usr/bin/ninja cmTC_01a58 && [1/2] Building C object CMakeFiles/cmTC_01a58.dir/CMakeCCompilerABI.c.obj
FAILED: CMakeFiles/cmTC_01a58.dir/CMakeCCompilerABI.c.obj 
/home/dcamarma/.espressif/tools/riscv32-esp-elf/esp-2021r2-patch3-8.4.0/riscv32-esp-elf/bin/riscv32-esp-elf-gcc   -march=rv32imc_zicsr_zifencei     -v -o CMakeFiles/cmTC_01a58.dir/CMakeCCompilerABI.c.obj -c /usr/local/share/cmake-3.20/Modules/CMakeCCompilerABI.c
Using built-in specs.
COLLECT_GCC=/home/dcamarma/.espressif/tools/riscv32-esp-elf/esp-2021r2-patch3-8.4.0/riscv32-esp-elf/bin/riscv32-esp-elf-gcc
Target: riscv32-esp-elf
Configured with: /builds/idf/crosstool-NG/.build/riscv32-esp-elf/src/gcc/configure --build=x86_64-build_pc-linux-gnu --host=x86_64-build_pc-linux-gnu --target=riscv32-esp-elf --prefix=/builds/idf/crosstool-NG/builds/riscv32-esp-elf --with-local-prefix=/builds/idf/crosstool-NG/builds/riscv32-esp-elf/riscv32-esp-elf --with-headers=/builds/idf/crosstool-NG/builds/riscv32-esp-elf/riscv32-esp-elf/include --with-newlib --enable-threads=no --disable-shared --with-arch=rv32imc --with-abi=ilp32 --with-pkgversion='crosstool-NG esp-2021r2-patch3' --disable-__cxa_atexit --enable-cxx-flags=-ffunction-sections --disable-libgomp --disable-libmudflap --disable-libmpx --disable-libssp --disable-libquadmath --disable-libquadmath-support --with-gmp=/builds/idf/crosstool-NG/.build/riscv32-esp-elf/buildtools --with-mpfr=/builds/idf/crosstool-NG/.build/riscv32-esp-elf/buildtools --with-mpc=/builds/idf/crosstool-NG/.build/riscv32-esp-elf/buildtools --with-isl=/builds/idf/crosstool-NG/.build/riscv32-esp-elf/buildtools --enable-lto --enable-target-optspace --without-long-double-128 --disable-nls --enable-multiarch --enable-languages=c,c++ --disable-libstdcxx-verbose --enable-threads=posix --enable-gcov-custom-rtio --enable-libstdcxx-time=yes
Thread model: posix
gcc version 8.4.0 (crosstool-NG esp-2021r2-patch3) 
COLLECT_GCC_OPTIONS='-march=rv32imc_zicsr_zifencei' '-v' '-o' 'CMakeFiles/cmTC_01a58.dir/CMakeCCompilerABI.c.obj' '-c' '-mabi=ilp32'
 /home/dcamarma/.espressif/tools/riscv32-esp-elf/esp-2021r2-patch3-8.4.0/riscv32-esp-elf/bin/../libexec/gcc/riscv32-esp-elf/8.4.0/cc1 -quiet -v -iprefix /home/dcamarma/.espressif/tools/riscv32-esp-elf/esp-2021r2-patch3-8.4.0/riscv32-esp-elf/bin/../lib/gcc/riscv32-esp-elf/8.4.0/ /usr/local/share/cmake-3.20/Modules/CMakeCCompilerABI.c -quiet -dumpbase CMakeCCompilerABI.c -march=rv32imc_zicsr_zifencei -mabi=ilp32 -auxbase-strip CMakeFiles/cmTC_01a58.dir/CMakeCCompilerABI.c.obj -version -o /tmp/ccccH2CB.s
cc1: error: -march=rv32imc_zicsr_zifencei: unsupported ISA substring '_zicsr_zifencei'
GNU C17 (crosstool-NG esp-2021r2-patch3) version 8.4.0 (riscv32-esp-elf)
	compiled by GNU C version 4.9.2, GMP version 6.2.0, MPFR version 4.0.2, MPC version 1.1.0, isl version isl-0.19-GMP

GGC heuristics: --param ggc-min-expand=100 --param ggc-min-heapsize=131072
ignoring duplicate directory "/home/dcamarma/.espressif/tools/riscv32-esp-elf/esp-2021r2-patch3-8.4.0/riscv32-esp-elf/bin/../lib/gcc/../../lib/gcc/riscv32-esp-elf/8.4.0/include"
ignoring duplicate directory "/home/dcamarma/.espressif/tools/riscv32-esp-elf/esp-2021r2-patch3-8.4.0/riscv32-esp-elf/bin/../lib/gcc/../../lib/gcc/riscv32-esp-elf/8.4.0/include-fixed"
ignoring duplicate directory "/home/dcamarma/.espressif/tools/riscv32-esp-elf/esp-2021r2-patch3-8.4.0/riscv32-esp-elf/bin/../lib/gcc/../../lib/gcc/riscv32-esp-elf/8.4.0/../../../../riscv32-esp-elf/sys-include"
ignoring duplicate directory "/home/dcamarma/.espressif/tools/riscv32-esp-elf/esp-2021r2-patch3-8.4.0/riscv32-esp-elf/bin/../lib/gcc/../../lib/gcc/riscv32-esp-elf/8.4.0/../../../../riscv32-esp-elf/include"
#include "..." search starts here:
#include <...> search starts here:
 /home/dcamarma/.espressif/tools/riscv32-esp-elf/esp-2021r2-patch3-8.4.0/riscv32-esp-elf/bin/../lib/gcc/riscv32-esp-elf/8.4.0/include
 /home/dcamarma/.espressif/tools/riscv32-esp-elf/esp-2021r2-patch3-8.4.0/riscv32-esp-elf/bin/../lib/gcc/riscv32-esp-elf/8.4.0/include-fixed
 /home/dcamarma/.espressif/tools/riscv32-esp-elf/esp-2021r2-patch3-8.4.0/riscv32-esp-elf/bin/../lib/gcc/riscv32-esp-elf/8.4.0/../../../../riscv32-esp-elf/sys-include
 /home/dcamarma/.espressif/tools/riscv32-esp-elf/esp-2021r2-patch3-8.4.0/riscv32-esp-elf/bin/../lib/gcc/riscv32-esp-elf/8.4.0/../../../../riscv32-esp-elf/include
End of search list.
GNU C17 (crosstool-NG esp-2021r2-patch3) version 8.4.0 (riscv32-esp-elf)
	compiled by GNU C version 4.9.2, GMP version 6.2.0, MPFR version 4.0.2, MPC version 1.1.0, isl version isl-0.19-GMP

GGC heuristics: --param ggc-min-expand=100 --param ggc-min-heapsize=131072
ninja: build stopped: subcommand failed.




Determining if the C compiler works failed with the following output:
Change Dir: /var/www/html/creator/gateway/esp32-rv/build/CMakeFiles/CMakeTmp

Run Build Command(s):/usr/bin/ninja cmTC_0c8cf && [1/2] Building C object CMakeFiles/cmTC_0c8cf.dir/testCCompiler.c.obj
FAILED: CMakeFiles/cmTC_0c8cf.dir/testCCompiler.c.obj 
/home/dcamarma/.espressif/tools/riscv32-esp-elf/esp-2021r2-patch3-8.4.0/riscv32-esp-elf/bin/riscv32-esp-elf-gcc   -march=rv32imc_zicsr_zifencei -o CMakeFiles/cmTC_0c8cf.dir/testCCompiler.c.obj -c testCCompiler.c
cc1: error: -march=rv32imc_zicsr_zifencei: unsupported ISA substring '_zicsr_zifencei'
ninja: build stopped: subcommand failed.



